Verdi>restart
Chronologic VCS simulator copyright 1991-2024
Contains Synopsys proprietary information.
Compiler version W-2024.09-SP1_Full64; Runtime version W-2024.09-SP1_Full64;  Aug  2 17:42 2025
Warning : License for product VCS-BASE-RUNTIME will expire within 13 days, on: 14-aug-2025.
If you would like to temporarily disable this message, set 
 the VCS_LIC_EXPIRE_WARNING environment variable to the number of days
before expiration that you want this message to start (the minimum is 0).
*Verdi* Loading libsscore_vcs202409.so
FSDB Dumper for VCS, Release Verdi_W-2024.09-SP2, Linux x86_64/64bit, 03/03/2025
(C) 1996 - 2025 by Synopsys, Inc.
*Verdi* FSDB WARNING: The FSDB file already exists. Overwriting the FSDB file may crash the programs that are using this file.
*Verdi* : Create FSDB file '/home/aedu34/asic_adu_red/verilog/fft_top_gate_sim/inter.fsdb'
*Verdi* : Flush all FSDB Files at 0 fs.
*Verdi* : Enable RPC Server(2030773)
*Verdi* : Flush all FSDB Files at 0 fs.
Verdi>run
[TB] Simulation finished
$finish called from file "./tb_fft_top_gate.sv", line 713.
$finish at simulation time              3355000
Simulation complete, time is 3355000 fs.
tb_fft_top_gate.sv, 713 :         $finish;
           V C S   S i m u l a t i o n   R e p o r t 
Time: 3355000 fs
CPU Time:      1.830 seconds;       Data structure size:  45.4Mb
Sat Aug  2 18:30:58 2025
debExit
