Command: /home/aedu34/asic_adu_red/verilog/fft_top_gate_sim/simv -sml=verdi +UVM_VERDI_TRACE=UVM_AWARE +fsdb+gate=off -ucli2Proc -ucli -l /home/aedu34/asic_adu_red/verilog/fft_top_gate_sim/verdiLog/sim.log
Chronologic VCS simulator copyright 1991-2024
Contains Synopsys proprietary information.
Compiler version W-2024.09-SP1_Full64; Runtime version W-2024.09-SP1_Full64;  Aug  2 17:42 2025
Warning : License for product VCS-BASE-RUNTIME will expire within 13 days, on: 14-aug-2025.
If you would like to temporarily disable this message, set 
 the VCS_LIC_EXPIRE_WARNING environment variable to the number of days
before expiration that you want this message to start (the minimum is 0).

ucli% loaddl -simv /tools/synopsys/verdi/W-2024.09-SP2/share/PLI/VCS/LINUXAMD64/libnovas.so LoadFSDBDumpCmd;LoadFSDBDumpCmd
LoadFSDBDumpCmd success
ucli% config ckptfsdbcheck off;config endofsim noexit;config onfail {enable all};config followactivescope on;catch {setUcliVerdiConnected};set watch::resultTagsForVerdiBP {<ucli_break_bp_status_begin> <ucli_break_bp_status_end>};set ucliCore::support_restore_through_stask_in_verdi 1;cbug::config pretty_print auto;fsdbDumpfile {/home/aedu34/asic_adu_red/verilog/fft_top_gate_sim/inter.fsdb} ;fsdbDumpflush ; 
*Verdi* Loading libsscore_vcs202409.so
FSDB Dumper for VCS, Release Verdi_W-2024.09-SP2, Linux x86_64/64bit, 03/03/2025
(C) 1996 - 2025 by Synopsys, Inc.
*Verdi* FSDB WARNING: The FSDB file already exists. Overwriting the FSDB file may crash the programs that are using this file.
*Verdi* : Create FSDB file '/home/aedu34/asic_adu_red/verilog/fft_top_gate_sim/inter.fsdb'
*Verdi* : Flush all FSDB Files at 0 fs.

ucli% fsdbDumpvars 1 "tb_fft_top.dut.clk"  +all +trace_process;fsdbDumpvars 1 "tb_fft_top.dut.rstn"  +all +trace_process;fsdbDumpflush 
*Verdi* : Dumping the signal (tb_fft_top.dut.clk).
*Verdi* : Dumping the signal (tb_fft_top.dut.rstn).
*Verdi* : Flush all FSDB Files at 0 fs.

ucli% fsdbDumpvars 1 "tb_fft_top.dut.MODUL0.do_count"  +all +trace_process;fsdbDumpflush 
*Verdi* : Dumping the signal (tb_fft_top.dut.MODUL0.do_count).
*Verdi* : Flush all FSDB Files at 0 fs.

ucli% fsdbDumpvars 1 "tb_fft_top.dut.MODUL0.bf1_1.in_en"  +all +trace_process;fsdbDumpvars 1 "tb_fft_top.dut.MODUL0.bf1_1.x0_re"  +all +trace_process;fsdbDumpvars 1 "tb_fft_top.dut.MODUL0.bf1_1.x0_im"  +all +trace_process;fsdbDumpvars 1 "tb_fft_top.dut.MODUL0.bf1_1.x1_re"  +all +trace_process;fsdbDumpvars 1 "tb_fft_top.dut.MODUL0.bf1_1.x1_im"  +all +trace_process;fsdbDumpflush 
*Verdi* : Dumping the signal (tb_fft_top.dut.MODUL0.bf1_1.in_en).
*Verdi* : Dumping the signal (tb_fft_top.dut.MODUL0.bf1_1.x0_re).
*Verdi* : Dumping the signal (tb_fft_top.dut.MODUL0.bf1_1.x0_im).
*Verdi* : Dumping the signal (tb_fft_top.dut.MODUL0.bf1_1.x1_re).
*Verdi* : Dumping the signal (tb_fft_top.dut.MODUL0.bf1_1.x1_im).
*Verdi* : Flush all FSDB Files at 0 fs.

ucli% fsdbDumpvars 1 "tb_fft_top.dut.MODUL0.do_count_en"  +all +trace_process;fsdbDumpflush 
*Verdi* : Dumping the signal (tb_fft_top.dut.MODUL0.do_count_en).
*Verdi* : Flush all FSDB Files at 0 fs.

ucli% synEnv::hasFataled
0
ucli% ucliCore::getToolPID
2030773
ucli% sps_interactive
*Verdi* : Enable RPC Server(2030773)

ucli% ucliCore::getToolPID
2030773
ucli% ucliCore::getToolPID
2030773
ucli% if {[catch {ucliCore::setFocus tool}]} {}

ucli% puts $ucliCore::nativeUcliMode
0

ucli% ucliCore::getToolTopPID
2030773
ucli% pid
2030795
ucli% synUtils::sendTool -active {_icl_createSharedMemory /tmp/vcs_dve_general.aedu34.2030773 }

ucli% if { [info vars watch::vcbp_str_len_limit_of_get_value] != ""} {set watch::vcbp_str_len_limit_of_get_value 1024}
1024
ucli% info command stateVerdiChangeCB

ucli% proc stateVerdiChangeCB args { if {$ucliGUI::state eq "terminated"} {puts "\n<VERDI_Terminated>\n";catch {setVerdiSimTerminated}}}

ucli% trace variable ucliGUI::state wu stateVerdiChangeCB

ucli% if {[catch {rename synopsys::restore verdiHack::restore} ]} {puts "0"}

ucli% proc synopsys::restore {args} { verdiHack::restore $args; puts "\n<VERDI_RESTORE>\n"}

ucli% if {[catch {rename quit verdiHack::quit} ]} {puts "0"}

ucli% proc quit {args} { if {[string length $args] == 0} { verdiHack::quit; } elseif {([string equal "-h" $args] == 1)||([string equal "-he" $args] == 1)||([string equal "-hel" $args] == 1)||([string equal "-help" $args] == 1)} { puts "\n quit           # Exit the simulation.\n \[-noprompt\]        (Exit the simulation and Verdi.)\n"} elseif {([string equal "-n" $args] == 1)||([string equal "-no" $args] == 1)||([string equal "-nop" $args] == 1)||([string equal "-nopr" $args] == 1)||([string equal "-nopro" $args] == 1)||([string equal "-noprom" $args] == 1)||([string equal "-nopromp" $args] == 1)||([string equal "-noprompt" $args] == 1)} { puts "\nVERDI_EXIT_N\n" } else { verdiHack::quit $args; } }

ucli% if {[catch {rename exit verdiHack::exit} ]} {puts "0"}

ucli% proc exit {args} { if {[string length $args] == 0} { verdiHack::exit; } elseif {([string equal "-h" $args] == 1)||([string equal "-he" $args] == 1)||([string equal "-hel" $args] == 1)||([string equal "-help" $args] == 1)} { puts "\n exit           # Exit the simulation.\n \[-noprompt\]        (Exit the simulation and Verdi.)\n"} elseif {([string equal "-n" $args] == 1)||([string equal "-no" $args] == 1)||([string equal "-nop" $args] == 1)||([string equal "-nopr" $args] == 1)||([string equal "-nopro" $args] == 1)||([string equal "-noprom" $args] == 1)||([string equal "-nopromp" $args] == 1)||([string equal "-noprompt" $args] == 1)} { puts "\nVERDI_EXIT_N\n" } else { verdiHack::exit $args; } }

ucli% proc checkpoint::beforeRecreate {} { sps_interactive }

ucli% if {[catch {ucliCore::setFocus tool}]} {}

ucli% save::getUserdefinedProcs
::stateVerdiChangeCB ::LoadFSDBDumpCmd
ucli% set ucliCore::resultTagsForVerdi [list <?special_verdi_begin?> <?special_verdi_end?>]
<?special_verdi_begin?> <?special_verdi_end?>
ucli% if {[catch {ucliCore::setFocus tool}]} {}

ucli% fsdbDumpflush 
*Verdi* : Flush all FSDB Files at 0 fs.

ucli% if {[catch {ucliCore::setFocus tool}]} {}

ucli% fsdbDumpflush 
*Verdi* : Flush all FSDB Files at 0 fs.

ucli% senv
activeDomain: Verilog
activeFile: ./tb_fft_top_gate.sv
activeFrame: 
activeLine: 3
activeScope: tb_fft_top
activeThread: 
endCol: 0
file: ./tb_fft_top_gate.sv
frame: 
fsdbFilename: 
hasTB: 0
inputFilename: 
keyFilename: ucli.key
line: 3
logFilename: /home/aedu34/asic_adu_red/verilog/fft_top_gate_sim/verdiLog/sim.log
macroIndex: -1
macroOffset: -1
pid: 2030773
scope: tb_fft_top
startCol: 0
state: stopped
thread: 
time: 0
timePrecision: 1 fs
vcdFilename: 
vpdFilename:
ucli% synUtils::resolveSourceFilename ./tb_fft_top_gate.sv
./tb_fft_top_gate.sv
ucli% puts $::ucliCore::cbug_active
0

ucli% if {[catch {ucliCore::setFocus tool}]} {}

ucli% checkpoint -list -all
There are no checkpoints present.
ucli% if {[catch {ucliCore::setFocus tool}]} {}

ucli% stop
No stop points are set
ucli% if {[catch {ucliCore::setFocus tool}]} {}

ucli% run
<slp!&*()_+>
[TB] Simulation finished
<slb!&*()_+>---<sls!&*()_+>loc: -1<sls!&*()_+>src: ./tb_fft_top_gate.sv<sls!&*()_+>line: 712<sls!&*()_+>time: 3355000 fs<sls!&*()_+>length: 0<sls!&*()_+>...<sls!&*()_+><sle!&*()_+>
$finish called from file "./tb_fft_top_gate.sv", line 713.
$finish at simulation time              3355000
Simulation complete, time is 3355000 fs.
tb_fft_top_gate.sv, 713 :         $finish;

ucli% synEnv::hasFataled
0
ucli% ucliCore::getToolPID
2030773
ucli% save::getUserdefinedProcs
::stateVerdiChangeCB ::LoadFSDBDumpCmd
ucli% if {[catch {ucliCore::setFocus tool}]} {}

ucli% fsdbDumpflush 
*Verdi* : Flush all FSDB Files at 3,355,000 fs.

ucli% senv
activeDomain: Verilog
activeFile: ./tb_fft_top_gate.sv
activeFrame: 
activeLine: 713
activeScope: tb_fft_top
activeThread: 
endCol: 0
file: ./tb_fft_top_gate.sv
frame: 
fsdbFilename: 
hasTB: 0
inputFilename: 
keyFilename: ucli.key
line: 713
logFilename: /home/aedu34/asic_adu_red/verilog/fft_top_gate_sim/verdiLog/sim.log
macroIndex: -1
macroOffset: -1
pid: 2030773
scope: tb_fft_top
startCol: 0
state: stopped
thread: 
time: 3355000
timePrecision: 1 fs
vcdFilename: 
vpdFilename:
ucli% synUtils::resolveSourceFilename ./tb_fft_top_gate.sv
./tb_fft_top_gate.sv
ucli% puts $::ucliCore::cbug_active
0

ucli% if {[catch {ucliCore::setFocus tool}]} {}

ucli% checkpoint -list -all
There are no checkpoints present.
ucli% if {[catch {ucliCore::setFocus tool}]} {}

ucli% stop
No stop points are set
ucli% if {[catch {ucliCore::setFocus tool}]} {}

ucli% finish; quit
           V C S   S i m u l a t i o n   R e p o r t 
Time: 3355000 fs
CPU Time:      1.830 seconds;       Data structure size:  45.4Mb
Sat Aug  2 18:30:58 2025

<VERDI_Terminated>

