version: (200506)

available memory: 64M bytes
used memory: 64M bytes [need 139M bytes if disable swap]

used block: 12584 [memory(5245) file(7339)]
                 [ 8K(11844) 64K(740) { total 139M bytes } ]
overhead: (870144) bytes for (12584) blocks [Average: (69) bytes/block]

write  => 7020(times) 54M(bytes) [54M bytes to file]
read   => 4007(times) 70M(bytes) [31M bytes compressed data from file]
access => 14342141(times) 119777M(bytes)
          [hit ratio: 99.9721%]

time: write(0.067) read(0.005)  unit: second

swap file directory: (/home/aedu34/asic_adu_red/verilog/fft_top_gate_sim/verdiLog)
used swap file number: (3)



swap file manager:
arrSize: (256)
idxCnt: (4)
closeHead: (1)
closeTail: (3)
openCnt: (3)
fid(3): fd(1073741825) fileName(/home/aedu34/asic_adu_red/verilog/fft_top_gate_sim/simv.daidir/kdb.elab++/work.lib++/fft_top.v.tdc)
	size(14804434) lastModTime(1754123277) curModTime(1754123277)
	mode(rb)	hot(0) cool(2) pos(0)
fid(2): fd(30) fileName(/home/aedu34/asic_adu_red/verilog/fft_top_gate_sim/verdiLog/_swap_0001#261616969#2011454)
	size(57507840) lastModTime(0) curModTime(1754124082)
	mode(w+b)	hot(3) cool(1) pos(0)
fid(1): fd(1073741824) fileName(/home/aedu34/asic_adu_red/verilog/fft_top_gate_sim/simv.daidir/kdb.elab++/work.lib++/tb_fft_top_gate.sv.tdc)
	size(19884) lastModTime(1754123277) curModTime(1754123277)
	mode(rb)	hot(2) cool(0) pos(0)
fid(0): fd(0) fileName(NULL)
	mode(NULL)	hot(0) cool(0) pos(0)
==================================================
mySelf(0x1f1064d0) pre(0x23554300) next((nil))
version(200506)
date(Dec  3 2024 20:20:45)
