 
****************************************
Report : timing
        -path full
        -delay min
        -max_paths 1
Design : fft_top
Version: V-2023.12-SP5-4
Date   : Sun Aug  3 13:54:14 2025
****************************************

 # A fanout number of 1000 was used for high fanout net computations.

Operating Conditions: TT_0P80V_0P00V_0P00V_0P00V_25C   Library: GF22FDX_SC7P5T_116CPP_BASE_CSC20L_TT_0P80V_0P00V_0P00V_0P00V_25C
Wire Load Model Mode: enclosed

  Startpoint: MODUL0/sr3_0/shift_din_imag_reg_0__0__4_
              (rising edge-triggered flip-flop clocked by fft_clk)
  Endpoint: MODUL0/sr3_0/shift_din_imag_reg_1__0__4_
            (rising edge-triggered flip-flop clocked by fft_clk)
  Path Group: fft_clk
  Path Type: min

  Point                                                   Incr       Path
  --------------------------------------------------------------------------
  clock fft_clk (rise edge)                               0.00       0.00
  clock network delay (ideal)                             0.00       0.00
  MODUL0/sr3_0/shift_din_imag_reg_0__0__4_/CLK (SC7P5T_SDFFRQX1_A_CSC20L)
                                                          0.00 #     0.00 r
  MODUL0/sr3_0/shift_din_imag_reg_0__0__4_/Q (SC7P5T_SDFFRQX1_A_CSC20L)
                                                         36.64      36.64 f
  MODUL0/sr3_0/shift_din_imag_reg_1__0__4_/D (SC7P5T_DFFRQX1_AS_CSC20L)
                                                          0.00      36.64 f
  data arrival time                                                 36.64

  clock fft_clk (rise edge)                               0.00       0.00
  clock network delay (ideal)                             0.00       0.00
  clock uncertainty                                      50.00      50.00
  MODUL0/sr3_0/shift_din_imag_reg_1__0__4_/CLK (SC7P5T_DFFRQX1_AS_CSC20L)
                                                          0.00      50.00 r
  library hold time                                      11.25      61.25
  data required time                                                61.25
  --------------------------------------------------------------------------
  data required time                                                61.25
  data arrival time                                                -36.64
  --------------------------------------------------------------------------
  slack (VIOLATED)                                                 -24.61


1
